Filename: animation_generate.py

Line #    Mem usage    Increment   Line Contents
================================================
   624    205.2 MiB    205.2 MiB   @profile(stream=fp)
   625                             def main():
   626    237.2 MiB     32.0 MiB       animation = AnimateSIR(filename, do_tqdm=True, verbose=False, N_max=N_max, load_into_memory=load_into_memory)
   627                             
   628    237.2 MiB      0.0 MiB       with warnings.catch_warnings():
   629    237.2 MiB      0.0 MiB           warnings.filterwarnings("ignore", message="All-NaN slice encountered")
   630    237.2 MiB      0.0 MiB           warnings.filterwarnings("ignore", message="Attempting to set identical")
   631                             
   632    403.5 MiB    166.3 MiB           animation.make_animation(remove_frames=True, 
   633    237.2 MiB      0.0 MiB                                   force_rerun=True, 
   634    237.2 MiB      0.0 MiB                                   optimize_gif=True,
   635    237.2 MiB      0.0 MiB                                   dpi=50,
   636                                                             )
   637                             
   638    610.7 MiB    207.2 MiB       plot_IHI(animation, verbose=True, savefig=True)
   639                             
   640    610.7 MiB      0.0 MiB       animation_N_connections = Animate_N_connections(animation, do_tqdm=True, verbose=True, N_max=N_max, load_into_memory=load_into_memory)
   641    610.7 MiB      0.0 MiB       animation_N_connections.make_animation(remove_frames=True, 
   642    610.7 MiB      0.0 MiB                                               force_rerun=True, 
   643    610.7 MiB      0.0 MiB                                               optimize_gif=True)


