Filename: animation_generate.py

Line #    Mem usage    Increment   Line Contents
================================================
   624    204.9 MiB    204.9 MiB   @profile(stream=fp)
   625                             def main():
   626   1422.9 MiB   1218.0 MiB       animation = AnimateSIR(filename, do_tqdm=True, verbose=False, N_max=N_max, load_into_memory=load_into_memory)
   627                             
   628   1423.0 MiB      0.1 MiB       with warnings.catch_warnings():
   629   1423.0 MiB      0.1 MiB           warnings.filterwarnings("ignore", message="All-NaN slice encountered")
   630   1423.0 MiB      0.0 MiB           warnings.filterwarnings("ignore", message="Attempting to set identical")
   631                             
   632   4632.4 MiB   3209.4 MiB           animation.make_animation(remove_frames=True, 
   633   1423.0 MiB      0.0 MiB                                   force_rerun=True, 
   634   1423.0 MiB      0.0 MiB                                   optimize_gif=True,
   635   1423.0 MiB      0.0 MiB                                   dpi=50,
   636                                                             )
   637                             
   638   4858.7 MiB    226.3 MiB       plot_IHI(animation, verbose=True, savefig=True)
   639                             
   640   4858.7 MiB      0.0 MiB       animation_N_connections = Animate_N_connections(animation, do_tqdm=True, verbose=True, N_max=N_max, load_into_memory=load_into_memory)
   641   4858.7 MiB      0.0 MiB       animation_N_connections.make_animation(remove_frames=True, 
   642   4858.7 MiB      0.0 MiB                                               force_rerun=True, 
   643   4858.7 MiB      0.0 MiB                                               optimize_gif=True)


